<?xml version="1.0" encoding="UTF-8"?>
<!-- Generated by org.testng.reporters.JUnitXMLReporter -->
<testsuite ignored="5" hostname="DESKTOP-HN4CNBF" failures="0" tests="1" name="test" time="0.043" errors="0" timestamp="22 Nov 2023 12:37:03 GMT">
  <testcase classname="com.testng.sample_1" name="Sample3" time="0.018"/>
  <testcase classname="com.testng.sample_1" name="Sample6" time="0.0">
    <ignored/>
  </testcase> <!-- Sample6 -->
  <testcase classname="com.testng.sample_1" name="Sample4" time="0.0">
    <ignored/>
  </testcase> <!-- Sample4 -->
  <testcase classname="com.testng.sample_1" name="Sample5" time="0.0">
    <ignored/>
  </testcase> <!-- Sample5 -->
  <testcase classname="com.testng.sample_1" name="Sample2" time="0.0">
    <ignored/>
  </testcase> <!-- Sample2 -->
  <testcase classname="com.testng.sample_1" name="Sample1" time="0.0">
    <ignored/>
  </testcase> <!-- Sample1 -->
</testsuite> <!-- test -->
