<?xml version="1.0" encoding="UTF-8"?>
<!-- Generated by org.testng.reporters.JUnitXMLReporter -->
<testsuite ignored="2" hostname="DESKTOP-HN4CNBF" failures="0" tests="4" name="Test" time="0.069" errors="0" timestamp="13 Nov 2023 16:49:06 GMT">
  <testcase classname="com.testng.grouping_testcases" name="ab" time="0.024"/>
  <testcase classname="com.testng.grouping_testcases" name="z2" time="0.002"/>
  <testcase classname="com.testng.grouping_testcases" name="z3" time="0.002"/>
  <testcase classname="com.testng.grouping_testcases" name="z5" time="0.002"/>
  <testcase classname="com.testng.grouping_testcases" name="z6" time="0.0">
    <ignored/>
  </testcase> <!-- z6 -->
  <testcase classname="com.testng.grouping_testcases" name="z1" time="0.0">
    <ignored/>
  </testcase> <!-- z1 -->
</testsuite> <!-- Test -->
