<?xml version="1.0" encoding="UTF-8"?>
<testng-results ignored="0" total="1" passed="1" failed="0" skipped="0">
  <reporter-output>
  </reporter-output>
  <suite started-at="2024-01-10T10:03:58 IST" name="Default suite" finished-at="2024-01-10T10:03:58 IST" duration-ms="92">
    <groups>
    </groups>
    <test started-at="2024-01-10T10:03:58 IST" name="Default test" finished-at="2024-01-10T10:03:58 IST" duration-ms="92">
      <class name="java_practice.test">
        <test-method signature="test()[pri:0, instance:java_practice.test@3012646b]" started-at="2024-01-10T10:03:58 IST" name="test" finished-at="2024-01-10T10:03:58 IST" duration-ms="16" status="PASS">
          <reporter-output>
          </reporter-output>
        </test-method> <!-- test -->
      </class> <!-- java_practice.test -->
    </test> <!-- Default test -->
  </suite> <!-- Default suite -->
</testng-results>
